<?xml version="1.0" encoding="UTF-8"?>
<!-- Generated by org.testng.reporters.JUnitReportReporter -->
<testsuite hostname="EGPSCILP000349" failures="0" tests="1" name="testautomationu.webDriver_java.PremiumTest" time="5.976" errors="0" timestamp="2023-10-15T12:13:02 EET" skipped="0">
  <testcase classname="testautomationu.webDriver_java.PremiumTest" name="testLiteSubscribtionBHWithSTCPaymentMethod" time="5.976"/>
  <system-out/>
</testsuite> <!-- testautomationu.webDriver_java.PremiumTest -->
