<?xml version="1.0" encoding="UTF-8"?>
<!-- Generated by org.testng.reporters.JUnitReportReporter -->
<testsuite hostname="EGPSCILP000349" failures="0" tests="1" name="testautomationu.webDriver_java.LiteTestKSA" time="12.410" errors="0" timestamp="2023-10-15T11:15:14 EET" skipped="0">
  <testcase classname="testautomationu.webDriver_java.LiteTestKSA" name="testLiteSubscribtionKSAWithSTCPaymentMethod" time="12.410"/>
  <system-out/>
</testsuite> <!-- testautomationu.webDriver_java.LiteTestKSA -->
