<?xml version="1.0" encoding="UTF-8"?>
<!-- Generated by org.testng.reporters.JUnitReportReporter -->
<testsuite hostname="EGPSCILP000349" failures="0" tests="1" name="testautomationu.webDriver_java.PremiumTestKW" time="16.309" errors="0" timestamp="2023-10-15T12:10:00 EET" skipped="0">
  <testcase classname="testautomationu.webDriver_java.PremiumTestKW" name="testLiteSubscribtionKWWithSTCPaymentMethod" time="16.309"/>
  <system-out/>
</testsuite> <!-- testautomationu.webDriver_java.PremiumTestKW -->
