<?xml version="1.0" encoding="UTF-8"?>
<!-- Generated by org.testng.reporters.JUnitReportReporter -->
<testsuite hostname="EGPSCILP000349" failures="0" tests="1" name="testautomationu.webDriver_java.ClassicTestKSA" time="12.382" errors="0" timestamp="2023-10-15T11:42:14 EET" skipped="0">
  <testcase classname="testautomationu.webDriver_java.ClassicTestKSA" name="testClassicSubscribtionKSAWithSTCPaymentMethod" time="12.382"/>
  <system-out/>
</testsuite> <!-- testautomationu.webDriver_java.ClassicTestKSA -->
