<?xml version="1.0" encoding="UTF-8"?>
<!-- Generated by org.testng.reporters.JUnitReportReporter -->
<testsuite hostname="EGPSCILP000349" failures="0" tests="1" name="testautomationu.webDriver_java.PremiumTestKSA" time="5.601" errors="0" timestamp="2023-10-15T12:04:16 EET" skipped="0">
  <testcase classname="testautomationu.webDriver_java.PremiumTestKSA" name="testClassicSubscribtionKSAWithSTCPaymentMethod" time="5.601"/>
  <system-out/>
</testsuite> <!-- testautomationu.webDriver_java.PremiumTestKSA -->
